INFO: [VRFC 10-2263] Analyzing SystemVerilog file "/home/alex/dev/fpga/rscodec/rscodec_18_2.srcs/sources_1/new/log2.sv" into library xil_defaultlib
INFO: [VRFC 10-311] analyzing module test
INFO: [VRFC 10-2263] Analyzing SystemVerilog file "/home/alex/dev/fpga/rscodec/rscodec_18_2.srcs/sources_1/new/galois_field.sv" into library xil_defaultlib
INFO: [VRFC 10-311] analyzing module gf_add
WARNING: [VRFC 10-2472] unspecialized class resolution operator for parameterized class Math to access log2, expected explicit specialization form [/home/alex/dev/fpga/rscodec/rscodec_18_2.srcs/sources_1/new/galois_field.sv:32]
INFO: [VRFC 10-311] analyzing module gf_mul
WARNING: [VRFC 10-2472] unspecialized class resolution operator for parameterized class Math to access log2, expected explicit specialization form [/home/alex/dev/fpga/rscodec/rscodec_18_2.srcs/sources_1/new/galois_field.sv:58]
INFO: [VRFC 10-311] analyzing module gf_exp
WARNING: [VRFC 10-2472] unspecialized class resolution operator for parameterized class Math to access log2, expected explicit specialization form [/home/alex/dev/fpga/rscodec/rscodec_18_2.srcs/sources_1/new/galois_field.sv:87]
INFO: [VRFC 10-311] analyzing module gf_log
WARNING: [VRFC 10-2472] unspecialized class resolution operator for parameterized class Math to access log2, expected explicit specialization form [/home/alex/dev/fpga/rscodec/rscodec_18_2.srcs/sources_1/new/galois_field.sv:117]
INFO: [VRFC 10-311] analyzing module gf_tb
WARNING: [VRFC 10-2472] unspecialized class resolution operator for parameterized class Math to access log2, expected explicit specialization form [/home/alex/dev/fpga/rscodec/rscodec_18_2.srcs/sources_1/new/galois_field.sv:148]
INFO: [VRFC 10-2263] Analyzing SystemVerilog file "/home/alex/dev/fpga/rscodec/rscodec_18_2.srcs/sources_1/new/gf_poly.sv" into library xil_defaultlib
INFO: [VRFC 10-311] analyzing module gf_poly_add
WARNING: [VRFC 10-2472] unspecialized class resolution operator for parameterized class Math to access log2, expected explicit specialization form [/home/alex/dev/fpga/rscodec/rscodec_18_2.srcs/sources_1/new/gf_poly.sv:35]
INFO: [VRFC 10-311] analyzing module gf_poly_mul
WARNING: [VRFC 10-2472] unspecialized class resolution operator for parameterized class Math to access log2, expected explicit specialization form [/home/alex/dev/fpga/rscodec/rscodec_18_2.srcs/sources_1/new/gf_poly.sv:63]
INFO: [VRFC 10-311] analyzing module gf_poly_add_tb
WARNING: [VRFC 10-2472] unspecialized class resolution operator for parameterized class Math to access log2, expected explicit specialization form [/home/alex/dev/fpga/rscodec/rscodec_18_2.srcs/sources_1/new/gf_poly.sv:192]
INFO: [VRFC 10-311] analyzing module gf_poly_mul_tb
WARNING: [VRFC 10-2472] unspecialized class resolution operator for parameterized class Math to access log2, expected explicit specialization form [/home/alex/dev/fpga/rscodec/rscodec_18_2.srcs/sources_1/new/gf_poly.sv:211]
