Vivado Simulator 2018.2
Copyright 1986-1999, 2001-2018 Xilinx, Inc. All Rights Reserved.
Running: /opt/Xilinx/Vivado/2018.2/bin/unwrapped/lnx64.o/xelab -wto a63eb796c6064b9097d15172e19a5c15 --incr --debug typical --relax --mt 8 -L xil_defaultlib -L unisims_ver -L unimacro_ver -L secureip -L xpm --snapshot gf_poly_mul_tb_behav xil_defaultlib.gf_poly_mul_tb xil_defaultlib.glbl -log elaborate.log 
Using 8 slave threads.
Starting static elaboration
Completed static elaboration
Starting simulation data flow analysis
Completed simulation data flow analysis
Time Resolution for simulation is 1ps
Compiling module xil_defaultlib.gf_log(n=255,g=285)
Compiling module xil_defaultlib.gf_exp(n=255,g=285)
Compiling module xil_defaultlib.gf_mul(n=255,g=285)
Compiling module xil_defaultlib.gf_add(n=255,g=285,n_inputs=1)
Compiling module xil_defaultlib.gf_add(n=255,g=285)
Compiling module xil_defaultlib.gf_add(n=255,g=285,n_inputs=3)
Compiling module xil_defaultlib.gf_add(n=255,g=285,n_inputs=4)
Compiling module xil_defaultlib.gf_add(n=255,g=285,n_inputs=5)
Compiling module xil_defaultlib.gf_add(n=255,g=285,n_inputs=6)
Compiling module xil_defaultlib.gf_add(n=255,g=285,n_inputs=7)
Compiling module xil_defaultlib.gf_add(n=255,g=285,n_inputs=8)
Compiling module xil_defaultlib.gf_add(n=255,g=285,n_inputs=9)
Compiling module xil_defaultlib.gf_add(n=255,g=285,n_inputs=10)
Compiling module xil_defaultlib.gf_poly_mul(n=255,g=285,in0_term...
Compiling module xil_defaultlib.gf_poly_mul_tb
Compiling module xil_defaultlib.glbl
Built simulation snapshot gf_poly_mul_tb_behav
